                    ******************************
                    *                            *
                    *        POLYDCS V1.0        *
                    *         June 1998          *
                    *                            *
                    ******************************


e-NH3, SE model with Exact Exchange (a1,a2,ex,ey) @ 5.0 eV                      

  No. of Scattering K-matrices         (NSCAT)  =   4
  Max Value of L (from K-matrices)     (LMAX)   =  10
  Max Value of L (Born, <>0 if IPOL=1) (LMAXB)  =  30
  Max Value of DCS PLeg Expansion      (LBIG)   =  18
  No. of Rotational Transitions        (NT)     =   5
  Print Flag (0:Min, 1:Norm, 2:Full)   (IPRINT) =   0

  Polar molecule found (IPOL= 1)



  *** Rotational Transitions to be calculated ***

        #       ji       jf
       ---------------------
        1        0        0
        2        0        1
        3        0        2
        4        0        3
        5        0        4

  Energy (eV)  =    5.0000000
  Energy (ryd) =    0.3674850  sqrt(Energy) [xki] =    0.6062054



  Integral Cross Sections (CS) from T-matrix in units of 10**-16 cm**2
  --------------------------------------------------------------------

  Contribution of the IR # 1 (    a1) to CS =   9.78815365
  Contribution of the IR # 2 (    a2) to CS =   0.48273453
  Contribution of the IR # 3 (    ex) to CS =   3.86898065
  Contribution of the IR # 4 (    ey) to CS =   3.86898065


  Integral Cross Section (CS) for all IRs   =  18.00885010



  **************************************************************************
      Results for  0 -->  0  J-J' transition summed on all K and K'
  **************************************************************************

      THETA(deg)          DCS(10**-16 cm**2/sr)
         0.00                 0.41101928E+01
         2.00                 0.40547652E+01
         4.00                 0.38970671E+01
         6.00                 0.36608887E+01
         8.00                 0.33798127E+01
        10.00                 0.30898621E+01
        12.00                 0.28221414E+01
        14.00                 0.25973275E+01
        16.00                 0.24232862E+01
        18.00                 0.22960505E+01
        20.00                 0.22035415E+01
        22.00                 0.21306491E+01
        24.00                 0.20640624E+01
        26.00                 0.19955378E+01
        28.00                 0.19228958E+01
        30.00                 0.18488652E+01
        32.00                 0.17785077E+01
        34.00                 0.17163471E+01
        36.00                 0.16642431E+01
        38.00                 0.16206473E+01
        40.00                 0.15813212E+01
        42.00                 0.15410684E+01
        44.00                 0.14956998E+01
        46.00                 0.14434838E+01
        48.00                 0.13855652E+01
        50.00                 0.13252980E+01
        52.00                 0.12668227E+01
        54.00                 0.12134824E+01
        56.00                 0.11666771E+01
        58.00                 0.11255314E+01
        60.00                 0.10874283E+01
        62.00                 0.10491273E+01
        64.00                 0.10079873E+01
        66.00                 0.96282852E+00
        68.00                 0.91413951E+00
        70.00                 0.86361587E+00
        72.00                 0.81328565E+00
        74.00                 0.76460403E+00
        76.00                 0.71789813E+00
        78.00                 0.67235911E+00
        80.00                 0.62654990E+00
        82.00                 0.57918239E+00
        84.00                 0.52982450E+00
        86.00                 0.47922736E+00
        88.00                 0.42914724E+00
        90.00                 0.38173571E+00
        92.00                 0.33875653E+00
        94.00                 0.30094790E+00
        96.00                 0.26779267E+00
        98.00                 0.23778088E+00
       100.00                 0.20905714E+00
       102.00                 0.18019097E+00
       104.00                 0.15076107E+00
       106.00                 0.12153068E+00
       108.00                 0.94152592E-01
       110.00                 0.70533082E-01
       112.00                 0.52117933E-01
       114.00                 0.39382912E-01
       116.00                 0.31725835E-01
       118.00                 0.27788594E-01
       120.00                 0.26062855E-01
       122.00                 0.25522983E-01
       124.00                 0.26024411E-01
       126.00                 0.28307442E-01
       128.00                 0.33614315E-01
       130.00                 0.43087240E-01
       132.00                 0.57207257E-01
       134.00                 0.75515762E-01
       136.00                 0.96741736E-01
       138.00                 0.11928795E+00
       140.00                 0.14187329E+00
       142.00                 0.16406016E+00
       144.00                 0.18643120E+00
       146.00                 0.21031888E+00
       148.00                 0.23717874E+00
       150.00                 0.26783898E+00
       152.00                 0.30193663E+00
       154.00                 0.33777481E+00
       156.00                 0.37269205E+00
       158.00                 0.40383014E+00
       160.00                 0.42903024E+00
       162.00                 0.44751862E+00
       164.00                 0.46013179E+00
       166.00                 0.46897125E+00
       168.00                 0.47661772E+00
       170.00                 0.48518303E+00
       172.00                 0.49555197E+00
       174.00                 0.50709289E+00
       176.00                 0.51794094E+00
       178.00                 0.52574521E+00
       180.00                 0.52859110E+00

  Partial Momentum Transfer Cross Section       =   4.35422087 10**-16 cm**2
  Partial Integrated Differential Cross Section =   8.60920906 10**-16 cm**2


  **************************************************************************
      Results for  0 -->  1  J-J' transition summed on all K and K'
  **************************************************************************

      THETA(deg)          DCS(10**-16 cm**2/sr)
         0.00                 0.13538557E+08
         2.00                 0.28232773E+03
         4.00                 0.73122299E+02
         6.00                 0.34262558E+02
         8.00                 0.20527107E+02
        10.00                 0.14025839E+02
        12.00                 0.10348928E+02
        14.00                 0.79921269E+01
        16.00                 0.63351436E+01
        18.00                 0.50896754E+01
        20.00                 0.41111288E+01
        22.00                 0.33228793E+01
        24.00                 0.26819873E+01
        26.00                 0.21622088E+01
        28.00                 0.17451611E+01
        30.00                 0.14158924E+01
        32.00                 0.11608226E+01
        34.00                 0.96711338E+00
        36.00                 0.82271582E+00
        38.00                 0.71666956E+00
        40.00                 0.63939977E+00
        42.00                 0.58284783E+00
        44.00                 0.54046476E+00
        46.00                 0.50708520E+00
        48.00                 0.47877157E+00
        50.00                 0.45268184E+00
        52.00                 0.42696351E+00
        54.00                 0.40067378E+00
        56.00                 0.37367383E+00
        58.00                 0.34646812E+00
        60.00                 0.31998160E+00
        62.00                 0.29529035E+00
        64.00                 0.27335310E+00
        66.00                 0.25480199E+00
        68.00                 0.23982629E+00
        70.00                 0.22817759E+00
        72.00                 0.21926835E+00
        74.00                 0.21233374E+00
        76.00                 0.20659679E+00
        78.00                 0.20140222E+00
        80.00                 0.19628087E+00
        82.00                 0.19095582E+00
        84.00                 0.18530369E+00
        86.00                 0.17930084E+00
        88.00                 0.17298338E+00
        90.00                 0.16642432E+00
        92.00                 0.15973613E+00
        94.00                 0.15307176E+00
        96.00                 0.14661856E+00
        98.00                 0.14056587E+00
       100.00                 0.13506156E+00
       102.00                 0.13015616E+00
       104.00                 0.12577710E+00
       106.00                 0.12172854E+00
       108.00                 0.11773975E+00
       110.00                 0.11354227E+00
       112.00                 0.10895734E+00
       114.00                 0.10396234E+00
       116.00                 0.98719396E-01
       118.00                 0.93552917E-01
       120.00                 0.88878632E-01
       122.00                 0.85114151E-01
       124.00                 0.82591563E-01
       126.00                 0.81495151E-01
       128.00                 0.81840038E-01
       130.00                 0.83485432E-01
       132.00                 0.86177967E-01
       134.00                 0.89596115E-01
       136.00                 0.93389437E-01
       138.00                 0.97204298E-01
       140.00                 0.10070175E+00
       142.00                 0.10357040E+00
       144.00                 0.10555725E+00
       146.00                 0.10650850E+00
       148.00                 0.10642297E+00
       150.00                 0.10549165E+00
       152.00                 0.10411370E+00
       154.00                 0.10286456E+00
       156.00                 0.10241953E+00
       158.00                 0.10343608E+00
       160.00                 0.10642958E+00
       162.00                 0.11166063E+00
       164.00                 0.11907044E+00
       166.00                 0.12827912E+00
       168.00                 0.13863975E+00
       170.00                 0.14933792E+00
       172.00                 0.15950640E+00
       174.00                 0.16833362E+00
       176.00                 0.17513752E+00
       178.00                 0.17942202E+00
       180.00                 0.18088424E+00

  Partial Momentum Transfer Cross Section       =   2.08845377 10**-16 cm**2
  Partial Integrated Differential Cross Section =  20.19911194 10**-16 cm**2


  **************************************************************************
      Results for  0 -->  2  J-J' transition summed on all K and K'
  **************************************************************************

      THETA(deg)          DCS(10**-16 cm**2/sr)
         0.00                 0.17719485E+00
         2.00                 0.17297435E+00
         4.00                 0.16140394E+00
         6.00                 0.14546551E+00
         8.00                 0.12923414E+00
        10.00                 0.11680404E+00
        12.00                 0.11123493E+00
        14.00                 0.11380604E+00
        16.00                 0.12376538E+00
        18.00                 0.13861692E+00
        20.00                 0.15483665E+00
        22.00                 0.16879284E+00
        24.00                 0.17761201E+00
        26.00                 0.17976339E+00
        28.00                 0.17524014E+00
        30.00                 0.16533796E+00
        32.00                 0.15214732E+00
        34.00                 0.13793924E+00
        36.00                 0.12462893E+00
        38.00                 0.11344990E+00
        40.00                 0.10488514E+00
        42.00                 0.98815329E-01
        44.00                 0.94784804E-01
        46.00                 0.92267685E-01
        48.00                 0.90843827E-01
        50.00                 0.90245716E-01
        52.00                 0.90296499E-01
        54.00                 0.90800196E-01
        56.00                 0.91455251E-01
        58.00                 0.91842607E-01
        60.00                 0.91500834E-01
        62.00                 0.90057515E-01
        64.00                 0.87362431E-01
        66.00                 0.83563060E-01
        68.00                 0.79087824E-01
        70.00                 0.74537598E-01
        72.00                 0.70521221E-01
        74.00                 0.67491777E-01
        76.00                 0.65638475E-01
        78.00                 0.64867489E-01
        80.00                 0.64870544E-01
        82.00                 0.65250136E-01
        84.00                 0.65651774E-01
        86.00                 0.65856345E-01
        88.00                 0.65805107E-01
        90.00                 0.65558665E-01
        92.00                 0.65216616E-01
        94.00                 0.64837925E-01
        96.00                 0.64397156E-01
        98.00                 0.63793905E-01
       100.00                 0.62907830E-01
       102.00                 0.61671488E-01
       104.00                 0.60125906E-01
       106.00                 0.58431230E-01
       108.00                 0.56824610E-01
       110.00                 0.55540275E-01
       112.00                 0.54723173E-01
       114.00                 0.54371446E-01
       116.00                 0.54331943E-01
       118.00                 0.54351788E-01
       120.00                 0.54167181E-01
       122.00                 0.53594816E-01
       124.00                 0.52591406E-01
       126.00                 0.51258575E-01
       128.00                 0.49792882E-01
       130.00                 0.48401993E-01
       132.00                 0.47221396E-01
       134.00                 0.46265107E-01
       136.00                 0.45429517E-01
       138.00                 0.44547718E-01
       140.00                 0.43470789E-01
       142.00                 0.42141393E-01
       144.00                 0.40628251E-01
       146.00                 0.39106250E-01
       148.00                 0.37788853E-01
       150.00                 0.36840424E-01
       152.00                 0.36304273E-01
       154.00                 0.36077235E-01
       156.00                 0.35943709E-01
       158.00                 0.35657454E-01
       160.00                 0.35040606E-01
       162.00                 0.34060486E-01
       164.00                 0.32852557E-01
       166.00                 0.31678252E-01
       168.00                 0.30831164E-01
       170.00                 0.30526197E-01
       172.00                 0.30813642E-01
       174.00                 0.31551901E-01
       176.00                 0.32450885E-01
       178.00                 0.33171546E-01
       180.00                 0.33445604E-01

  Partial Momentum Transfer Cross Section       =   0.71495765 10**-16 cm**2
  Partial Integrated Differential Cross Section =   0.91754723 10**-16 cm**2


  **************************************************************************
      Results for  0 -->  3  J-J' transition summed on all K and K'
  **************************************************************************

      THETA(deg)          DCS(10**-16 cm**2/sr)
         0.00                 0.46853314E-04
         2.00                 0.63813364E-04
         4.00                 0.11360431E-03
         6.00                 0.19334043E-03
         8.00                 0.29936398E-03
        10.00                 0.42856051E-03
        12.00                 0.57952246E-03
        14.00                 0.75314165E-03
        16.00                 0.95239060E-03
        18.00                 0.11813311E-02
        20.00                 0.14436027E-02
        22.00                 0.17407986E-02
        24.00                 0.20712593E-02
        26.00                 0.24295733E-02
        28.00                 0.28070116E-02
        30.00                 0.31927354E-02
        32.00                 0.35755278E-02
        34.00                 0.39455867E-02
        36.00                 0.42959759E-02
        38.00                 0.46234303E-02
        40.00                 0.49284105E-02
        42.00                 0.52144793E-02
        44.00                 0.54872157E-02
        46.00                 0.57529863E-02
        48.00                 0.60177986E-02
        50.00                 0.62864376E-02
        52.00                 0.65619596E-02
        54.00                 0.68454682E-02
        56.00                 0.71361717E-02
        58.00                 0.74315304E-02
        60.00                 0.77275420E-02
        62.00                 0.80190971E-02
        64.00                 0.83004329E-02
        66.00                 0.85656820E-02
        68.00                 0.88095181E-02
        70.00                 0.90277987E-02
        72.00                 0.92181005E-02
        74.00                 0.93800183E-02
        76.00                 0.95151877E-02
        78.00                 0.96269259E-02
        80.00                 0.97196391E-02
        82.00                 0.97980658E-02
        84.00                 0.98665282E-02
        86.00                 0.99283475E-02
        88.00                 0.99855214E-02
        90.00                 0.10038665E-01
        92.00                 0.10087209E-01
        94.00                 0.10129732E-01
        96.00                 0.10164340E-01
        98.00                 0.10189018E-01
       100.00                 0.10201898E-01
       102.00                 0.10201449E-01
       104.00                 0.10186600E-01
       106.00                 0.10156870E-01
       108.00                 0.10112402E-01
       110.00                 0.10054055E-01
       112.00                 0.99833496E-02
       114.00                 0.99023599E-02
       116.00                 0.98134866E-02
       118.00                 0.97191697E-02
       120.00                 0.96215531E-02
       122.00                 0.95222499E-02
       124.00                 0.94221737E-02
       126.00                 0.93215881E-02
       128.00                 0.92202704E-02
       130.00                 0.91177709E-02
       132.00                 0.90137077E-02
       134.00                 0.89079607E-02
       136.00                 0.88007804E-02
       138.00                 0.86927591E-02
       140.00                 0.85846875E-02
       142.00                 0.84774271E-02
       144.00                 0.83717536E-02
       146.00                 0.82683312E-02
       148.00                 0.81677064E-02
       150.00                 0.80704074E-02
       152.00                 0.79769818E-02
       154.00                 0.78880424E-02
       156.00                 0.78042131E-02
       158.00                 0.77260248E-02
       160.00                 0.76538180E-02
       162.00                 0.75876778E-02
       164.00                 0.75274534E-02
       166.00                 0.74728848E-02
       168.00                 0.74237809E-02
       170.00                 0.73802024E-02
       172.00                 0.73425700E-02
       174.00                 0.73116762E-02
       176.00                 0.72885393E-02
       178.00                 0.72741583E-02
       180.00                 0.72692754E-02

  Partial Momentum Transfer Cross Section       =   0.11324269 10**-16 cm**2
  Partial Integrated Differential Cross Section =   0.10244970 10**-16 cm**2


  **************************************************************************
      Results for  0 -->  4  J-J' transition summed on all K and K'
  **************************************************************************

      THETA(deg)          DCS(10**-16 cm**2/sr)
         0.00                 0.34015402E-03
         2.00                 0.33978143E-03
         4.00                 0.33868154E-03
         6.00                 0.33690888E-03
         8.00                 0.33455403E-03
        10.00                 0.33174412E-03
        12.00                 0.32863909E-03
        14.00                 0.32542652E-03
        16.00                 0.32231296E-03
        18.00                 0.31951154E-03
        20.00                 0.31722925E-03
        22.00                 0.31565360E-03
        24.00                 0.31494285E-03
        26.00                 0.31521870E-03
        28.00                 0.31656455E-03
        30.00                 0.31902769E-03
        32.00                 0.32262510E-03
        34.00                 0.32735153E-03
        36.00                 0.33318734E-03
        38.00                 0.34010646E-03
        40.00                 0.34808187E-03
        42.00                 0.35708977E-03
        44.00                 0.36711156E-03
        46.00                 0.37813559E-03
        48.00                 0.39015643E-03
        50.00                 0.40317458E-03
        52.00                 0.41719500E-03
        54.00                 0.43222550E-03
        56.00                 0.44827297E-03
        58.00                 0.46534129E-03
        60.00                 0.48342688E-03
        62.00                 0.50251576E-03
        64.00                 0.52258198E-03
        66.00                 0.54358691E-03
        68.00                 0.56548062E-03
        70.00                 0.58820558E-03
        72.00                 0.61170006E-03
        74.00                 0.63590275E-03
        76.00                 0.66075788E-03
        78.00                 0.68621594E-03
        80.00                 0.71223814E-03
        82.00                 0.73879270E-03
        84.00                 0.76585653E-03
        86.00                 0.79341058E-03
        88.00                 0.82143839E-03
        90.00                 0.84992190E-03
        92.00                 0.87883911E-03
        94.00                 0.90816221E-03
        96.00                 0.93785534E-03
        98.00                 0.96787442E-03
       100.00                 0.99816686E-03
       102.00                 0.10286738E-02
       104.00                 0.10593320E-02
       106.00                 0.10900775E-02
       108.00                 0.11208486E-02
       110.00                 0.11515899E-02
       112.00                 0.11822541E-02
       114.00                 0.12128039E-02
       116.00                 0.12432104E-02
       118.00                 0.12734508E-02
       120.00                 0.13035049E-02
       122.00                 0.13333508E-02
       124.00                 0.13629594E-02
       126.00                 0.13922938E-02
       128.00                 0.14213041E-02
       130.00                 0.14499273E-02
       132.00                 0.14780900E-02
       134.00                 0.15057076E-02
       136.00                 0.15326918E-02
       138.00                 0.15589516E-02
       140.00                 0.15843991E-02
       142.00                 0.16089526E-02
       144.00                 0.16325432E-02
       146.00                 0.16551145E-02
       148.00                 0.16766251E-02
       150.00                 0.16970497E-02
       152.00                 0.17163749E-02
       154.00                 0.17345964E-02
       156.00                 0.17517129E-02
       158.00                 0.17677223E-02
       160.00                 0.17826143E-02
       162.00                 0.17963658E-02
       164.00                 0.18089410E-02
       166.00                 0.18202858E-02
       168.00                 0.18303376E-02
       170.00                 0.18390212E-02
       172.00                 0.18462606E-02
       174.00                 0.18519820E-02
       176.00                 0.18561194E-02
       178.00                 0.18586237E-02
       180.00                 0.18594622E-02

  Partial Momentum Transfer Cross Section       =   0.01491545 10**-16 cm**2
  Partial Integrated Differential Cross Section =   0.01155565 10**-16 cm**2

  **************************************************************************
                    DATA SUMMED ON ALL TRANSITIONS
  **************************************************************************


  Quantity Summed Over States (Complete Rep.):

    Momentum Transfer Cross Section (CSM)      =     7.28579044 10**-16 cm**2
    Integrated Differential Cross Section (CS) =    29.83987236 10**-16 cm**2
