                    ******************************
                    *                            *
                    *        POLYDCS V1.0        *
                    *         June 1998          *
                    *                            *
                    ******************************


e-CH4, SEP model with Exact Exchange + Vcp Pol. (a1,a2,e,t1,t2) @ 5.0 eV        

  No. of Scattering K-matrices         (NSCAT)  =  10
  Max Value of L (from K-matrices)     (LMAX)   =  10
  Max Value of L (Born, <>0 if IPOL=1) (LMAXB)  =  10
  Max Value of DCS PLeg Expansion      (LBIG)   =  16
  No. of Rotational Transitions        (NT)     =   4
  Print Flag (0:Min, 1:Norm, 2:Full)   (IPRINT) =   2


  MOLECULAR PROPERTIES:

  Rotational Constant(s) in eV
      (Az) = 0.000000E+00     (Bz) = 0.651128E-03     (Cz) = 0.000000E+00

  Irreducible Representations (IR)

        IR #     IR Type      KSIZ      KSIZB     IR Read (0=No)
          1        a1           8          8            1
          2        a2           3          3            1
          3        e1          10         10            2
          4        e2          10         10            0
          5       t1x          12         12            3
          6       t1y          12         12            0
          7       t1z          12         12            0
          8       t2x          18         18            3
          9       t2y          18         18            0
         10       t2z          18         18            0


  *** Rotational Transitions to be calculated ***

        #       ji       jf
       ---------------------
        1        0        0
        2        0        3
        3        0        4
        4        0        6

  Energy (eV)  =    5.0000000
  Energy (ryd) =    0.3674850  sqrt(Energy) [xki] =    0.6062054





  *** Blms and K-matrices elements printout ***



  ------------------------------------------------------------------------
     IR     l    m      b(real)        b(imag)
  ------------------------------------------------------------------------
     a1  dimension =  8 x  8
            0
                 0     1.00000000     0.00000000  1  1  1
            3
                 2     0.00000000    -0.70710677  1  2  1
                -2     0.00000000     0.70710677  1  2  2
            4
                 0     0.76376259     0.00000000  1  3  1
                 4     0.45643544     0.00000000  1  3  2
                -4     0.45643544     0.00000000  1  3  3
            6
                 0    -0.35355338     0.00000000  1  4  1
                 4     0.66143781     0.00000000  1  4  2
                -4     0.66143781     0.00000000  1  4  3
            7
                 6     0.00000000    -0.47871354  1  5  1
                -6     0.00000000     0.47871354  1  5  2
                 2     0.00000000    -0.52041650  1  5  3
                -2     0.00000000     0.52041650  1  5  4
            8
                 0     0.71807033     0.00000000  1  6  1
                 4     0.27003086     0.00000000  1  6  2
                -4     0.27003086     0.00000000  1  6  3
                 8     0.41142535     0.00000000  1  6  4
                -8     0.41142535     0.00000000  1  6  5
            9
                 6     0.00000000    -0.63737744  1  7  1
                -6     0.00000000     0.63737744  1  7  2
                 2     0.00000000     0.30618620  1  7  3
                -2     0.00000000    -0.30618620  1  7  4
           10
                 0    -0.41142538     0.00000000  1  8  1
                 4     0.41457811     0.00000000  1  8  2
                -4     0.41457811     0.00000000  1  8  3
                 8     0.49344662     0.00000000  1  8  4
                -8     0.49344662     0.00000000  1  8  5

  ------------------------------------------------------------------------
     IR     l    m      b(real)        b(imag)
  ------------------------------------------------------------------------
     a2  dimension =  3 x  3
            6
                 2     0.58630198     0.00000000  2  1  1
                -2     0.58630198     0.00000000  2  1  2
                 6    -0.39528471     0.00000000  2  1  3
                -6    -0.39528471     0.00000000  2  1  4
            9
                 8     0.00000000     0.38188130  2  2  1
                -8     0.00000000    -0.38188130  2  2  2
                 4     0.00000000    -0.59511900  2  2  3
                -4     0.00000000     0.59511900  2  2  4
           10
                 2     0.56711072     0.00000000  2  3  1
                -2     0.56711072     0.00000000  2  3  2
                 6     0.11121957     0.00000000  2  3  3
                -6     0.11121957     0.00000000  2  3  4
                10    -0.40745014     0.00000000  2  3  5
               -10    -0.40745014     0.00000000  2  3  6

  ------------------------------------------------------------------------
     IR     l    m      b(real)        b(imag)
  ------------------------------------------------------------------------
     e1  dimension = 10 x 10
            2
                 2     0.70710677     0.00000000  3  1  1
                -2     0.70710677     0.00000000  3  1  2
            4
                 2     0.70710677     0.00000000  3  2  1
                -2     0.70710677     0.00000000  3  2  2
            5
                 4     0.00000000    -0.70710677  3  3  1
                -4     0.00000000     0.70710677  3  3  2
            6
                 2     0.39528471     0.00000000  3  4  1
                -2     0.39528471     0.00000000  3  4  2
                 6     0.58630198     0.00000000  3  4  3
                -6     0.58630198     0.00000000  3  4  4
            7
                 4     0.00000000    -0.70710677  3  5  1
                -4     0.00000000     0.70710677  3  5  2
            8
                 2     0.70710677     0.00000000  3  6  1
                -2     0.70710677     0.00000000  3  6  2
            8
                 6     0.70710677     0.00000000  3  7  1
                -6     0.70710677     0.00000000  3  7  2
            9
                 8     0.00000000    -0.59511900  3  8  1
                -8     0.00000000     0.59511900  3  8  2
                 4     0.00000000    -0.38188130  3  8  3
                -4     0.00000000     0.38188130  3  8  4
           10
                 2    -0.17604408     0.00000000  3  9  1
                -2    -0.17604408     0.00000000  3  9  2
                 6     0.68231475     0.00000000  3  9  3
                -6     0.68231475     0.00000000  3  9  4
                10    -0.05877954     0.00000000  3  9  5
               -10    -0.05877954     0.00000000  3  9  6
           10
                 2     0.38391912     0.00000000  3 10  1
                -2     0.38391912     0.00000000  3 10  2
                 6     0.14858249     0.00000000  3 10  3
                -6     0.14858249     0.00000000  3 10  4
                10     0.57491678     0.00000000  3 10  5
               -10     0.57491678     0.00000000  3 10  6

  ------------------------------------------------------------------------
     IR     l    m      b(real)        b(imag)
  ------------------------------------------------------------------------
     e2  dimension = 10 x 10
            2
                 0     1.00000000     0.00000000  4  1  1
            4
                 0    -0.64549720     0.00000000  4  2  1
                 4     0.54006171     0.00000000  4  2  2
                -4     0.54006171     0.00000000  4  2  3
            5
                 2     0.00000000    -0.70710677  4  3  1
                -2     0.00000000     0.70710677  4  3  2
            6
                 0     0.93541437     0.00000000  4  4  1
                 4     0.24999999     0.00000000  4  4  2
                -4     0.24999999     0.00000000  4  4  3
            7
                 6     0.00000000    -0.52041650  4  5  1
                -6     0.00000000     0.52041650  4  5  2
                 2     0.00000000     0.47871354  4  5  3
                -2     0.00000000    -0.47871354  4  5  4
            8
                 0    -0.45285553     0.00000000  4  6  1
                 4    -0.26760900     0.00000000  4  6  2
                -4    -0.26760900     0.00000000  4  6  3
                 8     0.57082951     0.00000000  4  6  4
                -8     0.57082951     0.00000000  4  6  5
            8
                 0    -0.52848548     0.00000000  4  7  1
                 4     0.59621203     0.00000000  4  7  2
                -4     0.59621203     0.00000000  4  7  3
                 8     0.06987713     0.00000000  4  7  4
                -8     0.06987713     0.00000000  4  7  5
            9
                 6     0.00000000    -0.30618620  4  8  1
                -6     0.00000000     0.30618620  4  8  2
                 2     0.00000000    -0.63737744  4  8  3
                -2     0.00000000     0.63737744  4  8  4
           10
                 0     0.26965776     0.00000000  4  9  1
                 4    -0.46178633     0.00000000  4  9  2
                -4    -0.46178633     0.00000000  4  9  3
                 8     0.50039560     0.00000000  4  9  4
                -8     0.50039560     0.00000000  4  9  5
           10
                 0     0.87063992     0.00000000  4 10  1
                 4     0.33893716     0.00000000  4 10  2
                -4     0.33893716     0.00000000  4 10  3
                 8     0.07819640     0.00000000  4 10  4
                -8     0.07819640     0.00000000  4 10  5

  ------------------------------------------------------------------------
     IR     l    m      b(real)        b(imag)
  ------------------------------------------------------------------------
    t1x  dimension = 12 x 12
            3
                 3     0.00000000    -0.43301272  5  1  1
                -3     0.00000000    -0.43301272  5  1  2
                 1     0.00000000     0.55901700  5  1  3
                -1     0.00000000     0.55901700  5  1  4
            4
                 1    -0.66143781     0.00000000  5  2  1
                -1     0.66143781     0.00000000  5  2  2
                 3     0.24999999     0.00000000  5  2  3
                -3    -0.24999999     0.00000000  5  2  4
            5
                 5     0.00000000     0.48412293  5  3  1
                -5     0.00000000     0.48412293  5  3  2
                 3     0.00000000    -0.21650636  5  3  3
                -3     0.00000000    -0.21650636  5  3  4
                 1     0.00000000    -0.46770716  5  3  5
                -1     0.00000000    -0.46770716  5  3  6
            6
                 1    -0.30618620     0.00000000  5  4  1
                -1     0.30618620     0.00000000  5  4  2
                 3    -0.48412293     0.00000000  5  4  3
                -3     0.48412293     0.00000000  5  4  4
                 5     0.41457811     0.00000000  5  4  5
                -5    -0.41457811     0.00000000  5  4  6
            7
                 7     0.00000000     0.04133986  5  5  1
                -7     0.00000000     0.04133986  5  5  2
                 5     0.00000000    -0.28168368  5  5  3
                -5     0.00000000    -0.28168368  5  5  4
                 3     0.00000000     0.56054348  5  5  5
                -3     0.00000000     0.56054348  5  5  6
                 1     0.00000000    -0.32362992  5  5  7
                -1     0.00000000    -0.32362992  5  5  8
            7
                 7     0.00000000     0.49435285  5  6  1
                -7     0.00000000     0.49435285  5  6  2
                 5     0.00000000    -0.05182226  5  6  3
                -5     0.00000000    -0.05182226  5  6  4
                 3     0.00000000    -0.29687500  5  6  5
                -3     0.00000000    -0.29687500  5  6  6
                 1     0.00000000    -0.40594941  5  6  7
                -1     0.00000000    -0.40594941  5  6  8
            8
                 1    -0.59086472     0.00000000  5  7  1
                -1     0.59086472     0.00000000  5  7  2
                 3     0.36510378     0.00000000  5  7  3
                -3    -0.36510378     0.00000000  5  7  4
                 5    -0.13072813     0.00000000  5  7  5
                -5     0.13072813     0.00000000  5  7  6
                 7     0.02209709     0.00000000  5  7  7
                -7    -0.02209709     0.00000000  5  7  8
            8
                 1     0.19390115     0.00000000  5  8  1
                -1    -0.19390115     0.00000000  5  8  2
                 3     0.42790821     0.00000000  5  8  3
                -3    -0.42790821     0.00000000  5  8  4
                 5     0.23901655     0.00000000  5  8  5
                -5    -0.23901655     0.00000000  5  8  6
                 7    -0.47134694     0.00000000  5  8  7
                -7     0.47134694     0.00000000  5  8  8
            9
                 9     0.00000000     0.07890238  5  9  1
                -9     0.00000000     0.07890238  5  9  2
                 7     0.00000000    -0.40186939  5  9  3
                -7     0.00000000    -0.40186939  5  9  4
                 5     0.00000000     0.42790821  5  9  5
                -5     0.00000000     0.42790821  5  9  6
                 3     0.00000000     0.21079278  5  9  7
                -3     0.00000000     0.21079278  5  9  8
                 1     0.00000000    -0.32362992  5  9  9
                -1     0.00000000    -0.32362992  5  9 10
            9
                 9     0.00000000     0.49274519  5 10  1
                -9     0.00000000     0.49274519  5 10  2
                 7     0.00000000     0.03983609  5 10  3
                -7     0.00000000     0.03983609  5 10  4
                 5     0.00000000    -0.17815241  5 10  5
                -5     0.00000000    -0.17815241  5 10  6
                 3     0.00000000    -0.30378473  5 10  7
                -3     0.00000000    -0.30378473  5 10  8
                 1     0.00000000    -0.36275581  5 10  9
                -1     0.00000000    -0.36275581  5 10 10
           10
                 1     0.32849681     0.00000000  5 11  1
                -1    -0.32849681     0.00000000  5 11  2
                 3     0.22316962     0.00000000  5 11  3
                -3    -0.22316962     0.00000000  5 11  4
                 5    -0.49902248     0.00000000  5 11  5
                -5     0.49902248     0.00000000  5 11  6
                 7     0.29769623     0.00000000  5 11  7
                -7    -0.29769623     0.00000000  5 11  8
                 9    -0.06810779     0.00000000  5 11  9
                -9     0.06810779     0.00000000  5 11 10
           10
                 1     0.13799626     0.00000000  5 12  1
                -1    -0.13799626     0.00000000  5 12  2
                 3     0.34375000     0.00000000  5 12  3
                -3    -0.34375000     0.00000000  5 12  4
                 5     0.34938562     0.00000000  5 12  5
                -5    -0.34938562     0.00000000  5 12  6
                 7     0.06442352     0.00000000  5 12  7
                -7    -0.06442352     0.00000000  5 12  8
                 9    -0.48638692     0.00000000  5 12  9
                -9     0.48638692     0.00000000  5 12 10

  ------------------------------------------------------------------------
     IR     l    m      b(real)        b(imag)
  ------------------------------------------------------------------------
    t1y  dimension = 12 x 12
            3
                 2     0.70710677     0.00000000  6  1  1
                -2     0.70710677     0.00000000  6  1  2
            4
                 4     0.00000000    -0.70710677  6  2  1
                -4     0.00000000     0.70710677  6  2  2
            5
                 2     0.70710677     0.00000000  6  3  1
                -2     0.70710677     0.00000000  6  3  2
            6
                 4     0.00000000     0.70710677  6  4  1
                -4     0.00000000    -0.70710677  6  4  2
            7
                 6    -0.70710677     0.00000000  6  5  1
                -6    -0.70710677     0.00000000  6  5  2
            7
                 2    -0.70710677     0.00000000  6  6  1
                -2    -0.70710677     0.00000000  6  6  2
            8
                 8     0.00000000    -0.70710677  6  7  1
                -8     0.00000000     0.70710677  6  7  2
            8
                 4     0.00000000     0.70710677  6  8  1
                -4     0.00000000    -0.70710677  6  8  2
            9
                 6     0.70710677     0.00000000  6  9  1
                -6     0.70710677     0.00000000  6  9  2
            9
                 2     0.70710677     0.00000000  6 10  1
                -2     0.70710677     0.00000000  6 10  2
           10
                 8     0.00000000    -0.70710677  6 11  1
                -8     0.00000000     0.70710677  6 11  2
           10
                 4     0.00000000    -0.70710677  6 12  1
                -4     0.00000000     0.70710677  6 12  2

  ------------------------------------------------------------------------
     IR     l    m      b(real)        b(imag)
  ------------------------------------------------------------------------
    t1z  dimension = 12 x 12
            3
                 1    -0.55901700     0.00000000  7  1  1
                -1     0.55901700     0.00000000  7  1  2
                 3    -0.43301272     0.00000000  7  1  3
                -3     0.43301272     0.00000000  7  1  4
            4
                 3     0.00000000     0.24999999  7  2  1
                -3     0.00000000     0.24999999  7  2  2
                 1     0.00000000     0.66143781  7  2  3
                -1     0.00000000     0.66143781  7  2  4
            5
                 1     0.46770716     0.00000000  7  3  1
                -1    -0.46770716     0.00000000  7  3  2
                 3    -0.21650636     0.00000000  7  3  3
                -3     0.21650636     0.00000000  7  3  4
                 5    -0.48412293     0.00000000  7  3  5
                -5     0.48412293     0.00000000  7  3  6
            6
                 5     0.00000000    -0.41457811  7  4  1
                -5     0.00000000    -0.41457811  7  4  2
                 3     0.00000000    -0.48412293  7  4  3
                -3     0.00000000    -0.48412293  7  4  4
                 1     0.00000000     0.30618620  7  4  5
                -1     0.00000000     0.30618620  7  4  6
            7
                 1     0.32362992     0.00000000  7  5  1
                -1    -0.32362992     0.00000000  7  5  2
                 3     0.56054348     0.00000000  7  5  3
                -3    -0.56054348     0.00000000  7  5  4
                 5     0.28168368     0.00000000  7  5  5
                -5    -0.28168368     0.00000000  7  5  6
                 7     0.04133986     0.00000000  7  5  7
                -7    -0.04133986     0.00000000  7  5  8
            7
                 1     0.40594941     0.00000000  7  6  1
                -1    -0.40594941     0.00000000  7  6  2
                 3    -0.29687500     0.00000000  7  6  3
                -3     0.29687500     0.00000000  7  6  4
                 5     0.05182226     0.00000000  7  6  5
                -5    -0.05182226     0.00000000  7  6  6
                 7     0.49435285     0.00000000  7  6  7
                -7    -0.49435285     0.00000000  7  6  8
            8
                 7     0.00000000     0.02209709  7  7  1
                -7     0.00000000     0.02209709  7  7  2
                 5     0.00000000     0.13072813  7  7  3
                -5     0.00000000     0.13072813  7  7  4
                 3     0.00000000     0.36510378  7  7  5
                -3     0.00000000     0.36510378  7  7  6
                 1     0.00000000     0.59086472  7  7  7
                -1     0.00000000     0.59086472  7  7  8
            8
                 7     0.00000000    -0.47134694  7  8  1
                -7     0.00000000    -0.47134694  7  8  2
                 5     0.00000000    -0.23901655  7  8  3
                -5     0.00000000    -0.23901655  7  8  4
                 3     0.00000000     0.42790821  7  8  5
                -3     0.00000000     0.42790821  7  8  6
                 1     0.00000000    -0.19390115  7  8  7
                -1     0.00000000    -0.19390115  7  8  8
            9
                 1     0.32362992     0.00000000  7  9  1
                -1    -0.32362992     0.00000000  7  9  2
                 3     0.21079278     0.00000000  7  9  3
                -3    -0.21079278     0.00000000  7  9  4
                 5    -0.42790821     0.00000000  7  9  5
                -5     0.42790821     0.00000000  7  9  6
                 7    -0.40186939     0.00000000  7  9  7
                -7     0.40186939     0.00000000  7  9  8
                 9    -0.07890238     0.00000000  7  9  9
                -9     0.07890238     0.00000000  7  9 10
            9
                 1     0.36275581     0.00000000  7 10  1
                -1    -0.36275581     0.00000000  7 10  2
                 3    -0.30378473     0.00000000  7 10  3
                -3     0.30378473     0.00000000  7 10  4
                 5     0.17815241     0.00000000  7 10  5
                -5    -0.17815241     0.00000000  7 10  6
                 7     0.03983609     0.00000000  7 10  7
                -7    -0.03983609     0.00000000  7 10  8
                 9    -0.49274519     0.00000000  7 10  9
                -9     0.49274519     0.00000000  7 10 10
           10
                 9     0.00000000     0.06810779  7 11  1
                -9     0.00000000     0.06810779  7 11  2
                 7     0.00000000     0.29769623  7 11  3
                -7     0.00000000     0.29769623  7 11  4
                 5     0.00000000     0.49902248  7 11  5
                -5     0.00000000     0.49902248  7 11  6
                 3     0.00000000     0.22316962  7 11  7
                -3     0.00000000     0.22316962  7 11  8
                 1     0.00000000    -0.32849681  7 11  9
                -1     0.00000000    -0.32849681  7 11 10
           10
                 9     0.00000000     0.48638692  7 12  1
                -9     0.00000000     0.48638692  7 12  2
                 7     0.00000000     0.06442352  7 12  3
                -7     0.00000000     0.06442352  7 12  4
                 5     0.00000000    -0.34938562  7 12  5
                -5     0.00000000    -0.34938562  7 12  6
                 3     0.00000000     0.34375000  7 12  7
                -3     0.00000000     0.34375000  7 12  8
                 1     0.00000000    -0.13799626  7 12  9
                -1     0.00000000    -0.13799626  7 12 10

  ------------------------------------------------------------------------
     IR     l    m      b(real)        b(imag)
  ------------------------------------------------------------------------
    t2x  dimension = 18 x 18
            1
                 1    -0.70710677     0.00000000  8  1  1
                -1     0.70710677     0.00000000  8  1  2
            2
                 1     0.00000000     0.70710677  8  2  1
                -1     0.00000000     0.70710677  8  2  2
            3
                 1     0.43301272     0.00000000  8  3  1
                -1    -0.43301272     0.00000000  8  3  2
                 3    -0.55901700     0.00000000  8  3  3
                -3     0.55901700     0.00000000  8  3  4
            4
                 3     0.00000000     0.66143781  8  4  1
                -3     0.00000000     0.66143781  8  4  2
                 1     0.00000000    -0.24999999  8  4  3
                -1     0.00000000    -0.24999999  8  4  4
            5
                 1    -0.40504628     0.00000000  8  5  1
                -1     0.40504628     0.00000000  8  5  2
                 3    -0.56250000     0.00000000  8  5  3
                -3     0.56250000     0.00000000  8  5  4
                 5    -0.13975425     0.00000000  8  5  5
                -5     0.13975425     0.00000000  8  5  6
            5
                 1    -0.34232661     0.00000000  8  6  1
                -1     0.34232661     0.00000000  8  6  2
                 3     0.36975497     0.00000000  8  6  3
                -3    -0.36975497     0.00000000  8  6  4
                 5    -0.49607834     0.00000000  8  6  5
                -5     0.49607834     0.00000000  8  6  6
            6
                 5     0.00000000     0.07654655  8  7  1
                -5     0.00000000     0.07654655  8  7  2
                 3     0.00000000     0.32775274  8  7  3
                -3     0.00000000     0.32775274  8  7  4
                 1     0.00000000     0.62186712  8  7  5
                -1     0.00000000     0.62186712  8  7  6
            6
                 5     0.00000000     0.56768447  8  8  1
                -5     0.00000000     0.56768447  8  8  2
                 3     0.00000000    -0.39774755  8  8  3
                -3     0.00000000    -0.39774755  8  8  4
                 1     0.00000000     0.13975425  8  8  5
                -1     0.00000000     0.13975425  8  8  6
            7
                 1     0.38081431     0.00000000  8  9  1
                -1    -0.38081431     0.00000000  8  9  2
                 3     0.07328775     0.00000000  8  9  3
                -3    -0.07328775     0.00000000  8  9  4
                 5    -0.55242717     0.00000000  8  9  5
                -5     0.55242717     0.00000000  8  9  6
                 7    -0.21079278     0.00000000  8  9  7
                -7     0.21079278     0.00000000  8  9  8
            7
                 1     0.29231697     0.00000000  8 10  1
                -1    -0.29231697     0.00000000  8 10  2
                 3    -0.30378473     0.00000000  8 10  3
                -3     0.30378473     0.00000000  8 10  4
                 5     0.33584663     0.00000000  8 10  5
                -5    -0.33584663     0.00000000  8 10  6
                 7    -0.45768180     0.00000000  8 10  7
                -7     0.45768180     0.00000000  8 10  8
            8
                 7     0.00000000     0.18154609  8 11  1
                -7     0.00000000     0.18154609  8 11  2
                 5     0.00000000     0.50121921  8 11  3
                -5     0.00000000     0.50121921  8 11  4
                 3     0.00000000     0.33329263  8 11  5
                -3     0.00000000     0.33329263  8 11  6
                 1     0.00000000    -0.32362992  8 11  7
                -1     0.00000000    -0.32362992  8 11  8
            8
                 7     0.00000000     0.49435285  8 12  1
                -7     0.00000000     0.49435285  8 12  2
                 5     0.00000000    -0.41780445  8 12  3
                -5     0.00000000    -0.41780445  8 12  4
                 3     0.00000000     0.26927638  8 12  5
                -3     0.00000000     0.26927638  8 12  6
                 1     0.00000000    -0.09243874  8 12  7
                -1     0.00000000    -0.09243874  8 12  8
            9
                 1    -0.27237517     0.00000000  8 13  1
                -1     0.27237517     0.00000000  8 13  2
                 3    -0.53222567     0.00000000  8 13  3
                -3     0.53222567     0.00000000  8 13  4
                 5    -0.36013845     0.00000000  8 13  5
                -5     0.36013845     0.00000000  8 13  6
                 7    -0.11274116     0.00000000  8 13  7
                -7     0.11274116     0.00000000  8 13  8
                 9    -0.01171875     0.00000000  8 13  9
                -9     0.01171875     0.00000000  8 13 10
            9
                 1    -0.34956026     0.00000000  8 14  1
                -1     0.34956026     0.00000000  8 14  2
                 3     0.09757809     0.00000000  8 14  3
                -3    -0.09757809     0.00000000  8 14  4
                 5     0.27731621     0.00000000  8 14  5
                -5    -0.27731621     0.00000000  8 14  6
                 7    -0.47540843     0.00000000  8 14  7
                -7     0.47540843     0.00000000  8 14  8
                 9    -0.25567293     0.00000000  8 14  9
                -9     0.25567293     0.00000000  8 14 10
            9
                 1    -0.25940558     0.00000000  8 15  1
                -1     0.25940558     0.00000000  8 15  2
                 3     0.26551008     0.00000000  8 15  3
                -3    -0.26551008     0.00000000  8 15  4
                 5    -0.28027174     0.00000000  8 15  5
                -5     0.28027174     0.00000000  8 15  6
                 7     0.31335333     0.00000000  8 15  7
                -7    -0.31335333     0.00000000  8 15  8
                 9    -0.43066293     0.00000000  8 15  9
                -9     0.43066293     0.00000000  8 15 10
           10
                 9     0.00000000     0.00617632  8 16  1
                -9     0.00000000     0.00617632  8 16  2
                 7     0.00000000     0.04663022  8 16  3
                -7     0.00000000     0.04663022  8 16  4
                 5     0.00000000     0.17196375  8 16  5
                -5     0.00000000     0.17196375  8 16  6
                 3     0.00000000     0.38452265  8 16  7
                -3     0.00000000     0.38452265  8 16  8
                 1     0.00000000     0.56600201  8 16  9
                -1     0.00000000     0.56600201  8 16 10
           10
                 9     0.00000000     0.25794563  8 17  1
                -9     0.00000000     0.25794563  8 17  2
                 7     0.00000000     0.48970887  8 17  3
                -7     0.00000000     0.48970887  8 17  4
                 5     0.00000000    -0.01235265  8 17  5
                -5     0.00000000    -0.01235265  8 17  6
                 3     0.00000000    -0.38117474  8 17  7
                -3     0.00000000    -0.38117474  8 17  8
                 1     0.00000000     0.21955070  8 17  9
                -1     0.00000000     0.21955070  8 17 10
           10
                 9     0.00000000     0.43842328  8 18  1
                -9     0.00000000     0.43842328  8 18  2
                 7     0.00000000    -0.40649405  8 18  3
                -7     0.00000000    -0.40649405  8 18  4
                 5     0.00000000     0.31493193  8 18  5
                -5     0.00000000     0.31493193  8 18  6
                 3     0.00000000    -0.19717859  8 18  7
                -3     0.00000000    -0.19717859  8 18  8
                 1     0.00000000     0.06697823  8 18  9
                -1     0.00000000     0.06697823  8 18 10

  ------------------------------------------------------------------------
     IR     l    m      b(real)        b(imag)
  ------------------------------------------------------------------------
    t2y  dimension = 18 x 18
            1
                 1     0.00000000     0.70710677  9  1  1
                -1     0.00000000     0.70710677  9  1  2
            2
                 1    -0.70710677     0.00000000  9  2  1
                -1     0.70710677     0.00000000  9  2  2
            3
                 3     0.00000000    -0.55901700  9  3  1
                -3     0.00000000    -0.55901700  9  3  2
                 1     0.00000000    -0.43301272  9  3  3
                -1     0.00000000    -0.43301272  9  3  4
            4
                 1     0.24999999     0.00000000  9  4  1
                -1    -0.24999999     0.00000000  9  4  2
                 3     0.66143781     0.00000000  9  4  3
                -3    -0.66143781     0.00000000  9  4  4
            5
                 5     0.00000000     0.13975425  9  5  1
                -5     0.00000000     0.13975425  9  5  2
                 3     0.00000000    -0.56250000  9  5  3
                -3     0.00000000    -0.56250000  9  5  4
                 1     0.00000000     0.40504628  9  5  5
                -1     0.00000000     0.40504628  9  5  6
            5
                 5     0.00000000     0.49607834  9  6  1
                -5     0.00000000     0.49607834  9  6  2
                 3     0.00000000     0.36975497  9  6  3
                -3     0.00000000     0.36975497  9  6  4
                 1     0.00000000     0.34232661  9  6  5
                -1     0.00000000     0.34232661  9  6  6
            6
                 1    -0.62186712     0.00000000  9  7  1
                -1     0.62186712     0.00000000  9  7  2
                 3     0.32775274     0.00000000  9  7  3
                -3    -0.32775274     0.00000000  9  7  4
                 5    -0.07654655     0.00000000  9  7  5
                -5     0.07654655     0.00000000  9  7  6
            6
                 1    -0.13975425     0.00000000  9  8  1
                -1     0.13975425     0.00000000  9  8  2
                 3    -0.39774755     0.00000000  9  8  3
                -3     0.39774755     0.00000000  9  8  4
                 5    -0.56768447     0.00000000  9  8  5
                -5     0.56768447     0.00000000  9  8  6
            7
                 7     0.00000000    -0.21079278  9  9  1
                -7     0.00000000    -0.21079278  9  9  2
                 5     0.00000000     0.55242717  9  9  3
                -5     0.00000000     0.55242717  9  9  4
                 3     0.00000000     0.07328775  9  9  5
                -3     0.00000000     0.07328775  9  9  6
                 1     0.00000000    -0.38081431  9  9  7
                -1     0.00000000    -0.38081431  9  9  8
            7
                 7     0.00000000    -0.45768180  9 10  1
                -7     0.00000000    -0.45768180  9 10  2
                 5     0.00000000    -0.33584663  9 10  3
                -5     0.00000000    -0.33584663  9 10  4
                 3     0.00000000    -0.30378473  9 10  5
                -3     0.00000000    -0.30378473  9 10  6
                 1     0.00000000    -0.29231697  9 10  7
                -1     0.00000000    -0.29231697  9 10  8
            8
                 1     0.32362992     0.00000000  9 11  1
                -1    -0.32362992     0.00000000  9 11  2
                 3     0.33329263     0.00000000  9 11  3
                -3    -0.33329263     0.00000000  9 11  4
                 5    -0.50121921     0.00000000  9 11  5
                -5     0.50121921     0.00000000  9 11  6
                 7     0.18154609     0.00000000  9 11  7
                -7    -0.18154609     0.00000000  9 11  8
            8
                 1     0.09243874     0.00000000  9 12  1
                -1    -0.09243874     0.00000000  9 12  2
                 3     0.26927638     0.00000000  9 12  3
                -3    -0.26927638     0.00000000  9 12  4
                 5     0.41780445     0.00000000  9 12  5
                -5    -0.41780445     0.00000000  9 12  6
                 7     0.49435285     0.00000000  9 12  7
                -7    -0.49435285     0.00000000  9 12  8
            9
                 9     0.00000000     0.01171875  9 13  1
                -9     0.00000000     0.01171875  9 13  2
                 7     0.00000000    -0.11274116  9 13  3
                -7     0.00000000    -0.11274116  9 13  4
                 5     0.00000000     0.36013845  9 13  5
                -5     0.00000000     0.36013845  9 13  6
                 3     0.00000000    -0.53222567  9 13  7
                -3     0.00000000    -0.53222567  9 13  8
                 1     0.00000000     0.27237517  9 13  9
                -1     0.00000000     0.27237517  9 13 10
            9
                 9     0.00000000     0.25567293  9 14  1
                -9     0.00000000     0.25567293  9 14  2
                 7     0.00000000    -0.47540843  9 14  3
                -7     0.00000000    -0.47540843  9 14  4
                 5     0.00000000    -0.27731621  9 14  5
                -5     0.00000000    -0.27731621  9 14  6
                 3     0.00000000     0.09757809  9 14  7
                -3     0.00000000     0.09757809  9 14  8
                 1     0.00000000     0.34956026  9 14  9
                -1     0.00000000     0.34956026  9 14 10
            9
                 9     0.00000000     0.43066293  9 15  1
                -9     0.00000000     0.43066293  9 15  2
                 7     0.00000000     0.31335333  9 15  3
                -7     0.00000000     0.31335333  9 15  4
                 5     0.00000000     0.28027174  9 15  5
                -5     0.00000000     0.28027174  9 15  6
                 3     0.00000000     0.26551008  9 15  7
                -3     0.00000000     0.26551008  9 15  8
                 1     0.00000000     0.25940558  9 15  9
                -1     0.00000000     0.25940558  9 15 10
           10
                 1    -0.56600201     0.00000000  9 16  1
                -1     0.56600201     0.00000000  9 16  2
                 3     0.38452265     0.00000000  9 16  3
                -3    -0.38452265     0.00000000  9 16  4
                 5    -0.17196375     0.00000000  9 16  5
                -5     0.17196375     0.00000000  9 16  6
                 7     0.04663022     0.00000000  9 16  7
                -7    -0.04663022     0.00000000  9 16  8
                 9    -0.00617632     0.00000000  9 16  9
                -9     0.00617632     0.00000000  9 16 10
           10
                 1    -0.21955070     0.00000000  9 17  1
                -1     0.21955070     0.00000000  9 17  2
                 3    -0.38117474     0.00000000  9 17  3
                -3     0.38117474     0.00000000  9 17  4
                 5     0.01235265     0.00000000  9 17  5
                -5    -0.01235265     0.00000000  9 17  6
                 7     0.48970887     0.00000000  9 17  7
                -7    -0.48970887     0.00000000  9 17  8
                 9    -0.25794563     0.00000000  9 17  9
                -9     0.25794563     0.00000000  9 17 10
           10
                 1    -0.06697823     0.00000000  9 18  1
                -1     0.06697823     0.00000000  9 18  2
                 3    -0.19717859     0.00000000  9 18  3
                -3     0.19717859     0.00000000  9 18  4
                 5    -0.31493193     0.00000000  9 18  5
                -5     0.31493193     0.00000000  9 18  6
                 7    -0.40649405     0.00000000  9 18  7
                -7     0.40649405     0.00000000  9 18  8
                 9    -0.43842328     0.00000000  9 18  9
                -9     0.43842328     0.00000000  9 18 10

  ------------------------------------------------------------------------
     IR     l    m      b(real)        b(imag)
  ------------------------------------------------------------------------
    t2z  dimension = 18 x 18
            1
                 0     1.00000000     0.00000000 10  1  1
            2
                 2     0.00000000    -0.70710677 10  2  1
                -2     0.00000000     0.70710677 10  2  2
            3
                 0     1.00000000     0.00000000 10  3  1
            4
                 2     0.00000000    -0.70710677 10  4  1
                -2     0.00000000     0.70710677 10  4  2
            5
                 4     0.70710677     0.00000000 10  5  1
                -4     0.70710677     0.00000000 10  5  2
            5
                 0     1.00000000     0.00000000 10  6  1
            6
                 6     0.00000000    -0.70710677 10  7  1
                -6     0.00000000     0.70710677 10  7  2
            6
                 2     0.00000000    -0.70710677 10  8  1
                -2     0.00000000     0.70710677 10  8  2
            7
                 4     0.70710677     0.00000000 10  9  1
                -4     0.70710677     0.00000000 10  9  2
            7
                 0     1.00000000     0.00000000 10 10  1
            8
                 6     0.00000000    -0.70710677 10 11  1
                -6     0.00000000     0.70710677 10 11  2
            8
                 2     0.00000000    -0.70710677 10 12  1
                -2     0.00000000     0.70710677 10 12  2
            9
                 8     0.70710677     0.00000000 10 13  1
                -8     0.70710677     0.00000000 10 13  2
            9
                 4     0.70710677     0.00000000 10 14  1
                -4     0.70710677     0.00000000 10 14  2
            9
                 0     1.00000000     0.00000000 10 15  1
           10
                10     0.00000000    -0.70710677 10 16  1
               -10     0.00000000     0.70710677 10 16  2
           10
                 6     0.00000000    -0.70710677 10 17  1
                -6     0.00000000     0.70710677 10 17  2
           10
                 2     0.00000000    -0.70710677 10 18  1
                -2     0.00000000     0.70710677 10 18  2

  K-matrix for state =   a1 

            L =   0    L =   3    L =   4    L =   6    L =   7    L =   8
 L =   0   -1.22555    0.06908   -0.00804   -0.00012   -0.00001    0.00000
 L =   3    0.06908    0.08176   -0.00726   -0.00050   -0.00003    0.00000
 L =   4   -0.00804   -0.00726    0.02949    0.00022    0.00021   -0.00001
 L =   6   -0.00012   -0.00050    0.00022    0.00957    0.00071    0.00002
 L =   7   -0.00001   -0.00003    0.00021    0.00071    0.00611   -0.00042
 L =   8    0.00000    0.00000   -0.00001    0.00002   -0.00042    0.00413
 L =   9    0.00000    0.00000    0.00000    0.00010    0.00003    0.00011
 L =  10    0.00000    0.00000    0.00000    0.00000   -0.00006    0.00001

            L =   9    L =  10    L = 
 L =   0    0.00000    0.00000
 L =   3    0.00000    0.00000
 L =   4    0.00000    0.00000
 L =   6    0.00010    0.00000
 L =   7    0.00003   -0.00006
 L =   8    0.00011    0.00001
 L =   9    0.00300   -0.00021
 L =  10   -0.00021    0.00221


  K-matrix for state =   a2 

            L =   6    L =   9    L =  10    L = 
 L =   6    0.00939    0.00008    0.00000
 L =   9    0.00008    0.00299   -0.00016
 L =  10    0.00000   -0.00016    0.00219


  K-matrix for state =   e1 

            L =   2    L =   4    L =   5    L =   6    L =   7    L =   8
 L =   2    0.29160    0.00272    0.00139   -0.00009    0.00000    0.00000
 L =   4    0.00272    0.02979    0.00119    0.00008    0.00023   -0.00001
 L =   5    0.00139    0.00119    0.01601   -0.00113    0.00006   -0.00015
 L =   6   -0.00009    0.00008   -0.00113    0.00935    0.00025    0.00004
 L =   7    0.00000    0.00023    0.00006    0.00025    0.00615   -0.00027
 L =   8    0.00000   -0.00001   -0.00015    0.00004   -0.00027    0.00420
 L =   8    0.00000   -0.00001    0.00002    0.00000   -0.00030   -0.00001
 L =   9    0.00000    0.00000   -0.00001    0.00008    0.00001    0.00030
 L =  10    0.00000    0.00000    0.00000    0.00000   -0.00001    0.00001
 L =  10    0.00000    0.00000    0.00000    0.00000   -0.00007    0.00001

            L =   8    L =   9    L =  10    L =  10    L = 
 L =   2    0.00000    0.00000    0.00000    0.00000
 L =   4   -0.00001    0.00000    0.00000    0.00000
 L =   5    0.00002   -0.00001    0.00000    0.00000
 L =   6    0.00000    0.00008    0.00000    0.00000
 L =   7   -0.00030    0.00001   -0.00001   -0.00007
 L =   8   -0.00001    0.00030    0.00001    0.00001
 L =   8    0.00414    0.00000    0.00000    0.00001
 L =   9    0.00000    0.00298   -0.00019   -0.00007
 L =  10    0.00000   -0.00019    0.00218    0.00000
 L =  10    0.00001   -0.00007    0.00000    0.00222


  K-matrix for state =  t1x 

            L =   3    L =   4    L =   5    L =   6    L =   7    L =   7
 L =   3    0.07246    0.00431    0.00021   -0.00045    0.00002    0.00002
 L =   4    0.00431    0.02964   -0.00089   -0.00015    0.00022   -0.00002
 L =   5    0.00021   -0.00089    0.01571   -0.00040   -0.00004   -0.00001
 L =   6   -0.00045   -0.00015   -0.00040    0.00955   -0.00052   -0.00043
 L =   7    0.00002    0.00022   -0.00004   -0.00052    0.00613   -0.00002
 L =   7    0.00002   -0.00002   -0.00001   -0.00043   -0.00002    0.00606
 L =   8    0.00000   -0.00001    0.00000   -0.00002   -0.00036    0.00000
 L =   8    0.00000    0.00000   -0.00013    0.00002    0.00020    0.00004
 L =   9    0.00000    0.00000    0.00000    0.00010   -0.00002   -0.00001
 L =   9    0.00000    0.00000   -0.00001   -0.00002    0.00000    0.00000
 L =  10    0.00000    0.00000    0.00000    0.00000   -0.00007    0.00000
 L =  10    0.00000    0.00000    0.00000    0.00000    0.00000   -0.00006

            L =   8    L =   8    L =   9    L =   9    L =  10    L =  10
 L =   3    0.00000    0.00000    0.00000    0.00000    0.00000    0.00000
 L =   4   -0.00001    0.00000    0.00000    0.00000    0.00000    0.00000
 L =   5    0.00000   -0.00013    0.00000   -0.00001    0.00000    0.00000
 L =   6   -0.00002    0.00002    0.00010   -0.00002    0.00000    0.00000
 L =   7   -0.00036    0.00020   -0.00002    0.00000   -0.00007    0.00000
 L =   7    0.00000    0.00004   -0.00001    0.00000    0.00000   -0.00006
 L =   8    0.00414    0.00000   -0.00007    0.00000    0.00001    0.00000
 L =   8    0.00000    0.00419    0.00015    0.00021   -0.00001    0.00000
 L =   9   -0.00007    0.00015    0.00300   -0.00001    0.00017    0.00013
 L =   9    0.00000    0.00021   -0.00001    0.00296    0.00000   -0.00002
 L =  10    0.00001   -0.00001    0.00017    0.00000    0.00221    0.00000
 L =  10    0.00000    0.00000    0.00013   -0.00002    0.00000    0.00220


  K-matrix for state =  t2x 

            L =   1    L =   2    L =   3    L =   4    L =   5    L =   5
 L =   1   -0.32286   -0.08841    0.00799    0.00312   -0.00005   -0.00033
 L =   2   -0.08841    0.50940   -0.05315    0.00483   -0.00206    0.00042
 L =   3    0.00799   -0.05315    0.07380   -0.00175    0.00054   -0.00029
 L =   4    0.00312    0.00483   -0.00175    0.03075   -0.00120   -0.00200
 L =   5   -0.00005   -0.00206    0.00054   -0.00120    0.01601   -0.00013
 L =   5   -0.00033    0.00042   -0.00029   -0.00200   -0.00013    0.01568
 L =   6    0.00000   -0.00010    0.00001    0.00006    0.00094    0.00000
 L =   6    0.00001   -0.00015    0.00043   -0.00005    0.00064   -0.00050
 L =   7    0.00000    0.00000    0.00000   -0.00023    0.00006    0.00006
 L =   7    0.00000    0.00001   -0.00002    0.00011    0.00001   -0.00005
 L =   8    0.00000    0.00000    0.00000   -0.00001    0.00015    0.00000
 L =   8    0.00000    0.00000    0.00000   -0.00001   -0.00002    0.00013
 L =   9    0.00000    0.00000    0.00000    0.00000   -0.00001    0.00000
 L =   9    0.00000    0.00000    0.00000    0.00000    0.00000    0.00000
 L =   9    0.00000    0.00000    0.00000    0.00000    0.00000   -0.00001
 L =  10    0.00000    0.00000    0.00000    0.00000    0.00000    0.00000
 L =  10    0.00000    0.00000    0.00000    0.00000    0.00000    0.00000
 L =  10    0.00000    0.00000    0.00000    0.00000    0.00000    0.00000

            L =   6    L =   6    L =   7    L =   7    L =   8    L =   8
 L =   1    0.00000    0.00001    0.00000    0.00000    0.00000    0.00000
 L =   2   -0.00010   -0.00015    0.00000    0.00001    0.00000    0.00000
 L =   3    0.00001    0.00043    0.00000   -0.00002    0.00000    0.00000
 L =   4    0.00006   -0.00005   -0.00023    0.00011   -0.00001   -0.00001
 L =   5    0.00094    0.00064    0.00006    0.00001    0.00015   -0.00002
 L =   5    0.00000   -0.00050    0.00006   -0.00005    0.00000    0.00013
 L =   6    0.00936   -0.00002   -0.00021    0.00000    0.00004    0.00000
 L =   6   -0.00002    0.00951   -0.00014   -0.00064    0.00002   -0.00003
 L =   7   -0.00021   -0.00014    0.00615   -0.00004    0.00027    0.00030
 L =   7    0.00000   -0.00064   -0.00004    0.00606    0.00000   -0.00024
 L =   8    0.00004    0.00002    0.00027    0.00000    0.00420   -0.00001
 L =   8    0.00000   -0.00003    0.00030   -0.00024   -0.00001    0.00418
 L =   9   -0.00008    0.00000    0.00001    0.00000   -0.00026    0.00000
 L =   9    0.00000   -0.00008    0.00001    0.00002   -0.00016    0.00000
 L =   9    0.00000    0.00005    0.00001   -0.00002    0.00000   -0.00028
 L =  10    0.00000    0.00000    0.00000    0.00000    0.00001    0.00000
 L =  10    0.00000    0.00000    0.00007    0.00000    0.00001    0.00001
 L =  10    0.00000    0.00000   -0.00001    0.00006    0.00000   -0.00001

            L =   9    L =   9    L =   9    L =  10    L =  10    L =  10
 L =   1    0.00000    0.00000    0.00000    0.00000    0.00000    0.00000
 L =   2    0.00000    0.00000    0.00000    0.00000    0.00000    0.00000
 L =   3    0.00000    0.00000    0.00000    0.00000    0.00000    0.00000
 L =   4    0.00000    0.00000    0.00000    0.00000    0.00000    0.00000
 L =   5   -0.00001    0.00000    0.00000    0.00000    0.00000    0.00000
 L =   5    0.00000    0.00000   -0.00001    0.00000    0.00000    0.00000
 L =   6   -0.00008    0.00000    0.00000    0.00000    0.00000    0.00000
 L =   6    0.00000   -0.00008    0.00005    0.00000    0.00000    0.00000
 L =   7    0.00001    0.00001    0.00001    0.00000    0.00007   -0.00001
 L =   7    0.00000    0.00002   -0.00002    0.00000    0.00000    0.00006
 L =   8   -0.00026   -0.00016    0.00000    0.00001    0.00001    0.00000
 L =   8    0.00000    0.00000   -0.00028    0.00000    0.00001   -0.00001
 L =   9    0.00298    0.00000    0.00000    0.00017    0.00008    0.00000
 L =   9    0.00000    0.00299   -0.00002    0.00000    0.00008    0.00016
 L =   9    0.00000   -0.00002    0.00296    0.00000    0.00000   -0.00013
 L =  10    0.00017    0.00000    0.00000    0.00218    0.00000    0.00000
 L =  10    0.00008    0.00008    0.00000    0.00000    0.00221   -0.00001
 L =  10    0.00000    0.00016   -0.00013    0.00000   -0.00001    0.00220


  Integral Cross Sections (CS) from T-matrix in units of 10**-16 cm**2
  --------------------------------------------------------------------

  Contribution of the IR # 1 (   a1 ) to CS =   5.84238529
  Contribution of the IR # 2 (   a2 ) to CS =   0.00097562
  Contribution of the IR # 3 (   e1 ) to CS =   0.76326632
  Contribution of the IR # 4 (   e2 ) to CS =   0.76326579
  Contribution of the IR # 5 (  t1x ) to CS =   0.06335012
  Contribution of the IR # 6 (  t1y ) to CS =   0.06335096
  Contribution of the IR # 7 (  t1z ) to CS =   0.06335014
  Contribution of the IR # 8 (  t2x ) to CS =   3.08189368
  Contribution of the IR # 9 (  t2y ) to CS =   3.08189368
  Contribution of the IR #10 (  t2z ) to CS =   3.08192968


  Integral Cross Section (CS) for all IRs   =  16.80566216



  **************************************************************************
      Results for  0 -->  0  J-J' transition summed on all K and K'
  **************************************************************************

      Close-Coupling AL(L=0-Lbig) coefficients
      ----------------------------------------
          A(L= 0)      0.12665612E+01
          A(L= 1)      0.57142884E+00
          A(L= 2)      0.68012661E+00
          A(L= 3)     -0.10566208E+01
          A(L= 4)      0.11643363E+01
          A(L= 5)      0.58572346E+00
          A(L= 6)      0.38352266E+00
          A(L= 7)      0.27834535E+00
          A(L= 8)      0.20542124E+00
          A(L= 9)      0.12518007E+00
          A(L=10)      0.11759181E+00
          A(L=11)      0.96200332E-01
          A(L=12)      0.99132277E-01
          A(L=13)      0.38333602E-01
          A(L=14)      0.20413905E-01
          A(L=15)      0.11731769E-01
          A(L=16)      0.68734824E-02

      State-to-State Differential Cross Sections
      ------------------------------------------
        THETA(deg)   DCS(10**-16 cm**2/sr)
           0.00         0.4594E+01
           2.00         0.4549E+01
           4.00         0.4419E+01
           6.00         0.4212E+01
           8.00         0.3945E+01
          10.00         0.3638E+01
          12.00         0.3311E+01
          14.00         0.2984E+01
          16.00         0.2672E+01
          18.00         0.2389E+01
          20.00         0.2142E+01
          22.00         0.1934E+01
          24.00         0.1765E+01
          26.00         0.1631E+01
          28.00         0.1528E+01
          30.00         0.1449E+01
          32.00         0.1392E+01
          34.00         0.1352E+01
          36.00         0.1327E+01
          38.00         0.1316E+01
          40.00         0.1319E+01
          42.00         0.1334E+01
          44.00         0.1362E+01
          46.00         0.1401E+01
          48.00         0.1450E+01
          50.00         0.1506E+01
          52.00         0.1567E+01
          54.00         0.1629E+01
          56.00         0.1689E+01
          58.00         0.1744E+01
          60.00         0.1792E+01
          62.00         0.1830E+01
          64.00         0.1858E+01
          66.00         0.1874E+01
          68.00         0.1878E+01
          70.00         0.1870E+01
          72.00         0.1851E+01
          74.00         0.1822E+01
          76.00         0.1783E+01
          78.00         0.1736E+01
          80.00         0.1681E+01
          82.00         0.1618E+01
          84.00         0.1547E+01
          86.00         0.1469E+01
          88.00         0.1383E+01
          90.00         0.1290E+01
          92.00         0.1190E+01
          94.00         0.1085E+01
          96.00         0.9757E+00
          98.00         0.8649E+00
         100.00         0.7548E+00
         102.00         0.6478E+00
         104.00         0.5463E+00
         106.00         0.4524E+00
         108.00         0.3679E+00
         110.00         0.2942E+00
         112.00         0.2321E+00
         114.00         0.1824E+00
         116.00         0.1458E+00
         118.00         0.1226E+00
         120.00         0.1134E+00
         122.00         0.1189E+00
         124.00         0.1395E+00
         126.00         0.1757E+00
         128.00         0.2278E+00
         130.00         0.2958E+00
         132.00         0.3795E+00
         134.00         0.4781E+00
         136.00         0.5906E+00
         138.00         0.7157E+00
         140.00         0.8516E+00
         142.00         0.9964E+00
         144.00         0.1148E+01
         146.00         0.1305E+01
         148.00         0.1465E+01
         150.00         0.1625E+01
         152.00         0.1786E+01
         154.00         0.1945E+01
         156.00         0.2101E+01
         158.00         0.2253E+01
         160.00         0.2401E+01
         162.00         0.2543E+01
         164.00         0.2679E+01
         166.00         0.2806E+01
         168.00         0.2924E+01
         170.00         0.3029E+01
         172.00         0.3120E+01
         174.00         0.3194E+01
         176.00         0.3249E+01
         178.00         0.3282E+01
         180.00         0.3294E+01

  Momentum Transfer Cross Section (in units of 10**-16 cm**2)

     In Close-Coupling        = 0.135196E+02

  Total Cross Section (in units of 10**-16 cm**2)

     In Close-Coupling        = 0.159127E+02

  Partial Momentum Transfer Cross Section       =  13.51961422 10**-16 cm**2
  Partial Integrated Differential Cross Section =  15.91270256 10**-16 cm**2


  **************************************************************************
      Results for  0 -->  3  J-J' transition summed on all K and K'
  **************************************************************************

      Close-Coupling AL(L=0-Lbig) coefficients
      ----------------------------------------
          A(L= 0)      0.38517173E-01
          A(L= 1)     -0.43907490E-01
          A(L= 2)      0.20088304E-01
          A(L= 3)     -0.22681445E-01
          A(L= 4)      0.91345198E-02
          A(L= 5)     -0.10979114E-02
          A(L= 6)     -0.35691322E-03
          A(L= 7)      0.17719230E-03
          A(L= 8)     -0.25427761E-03
          A(L= 9)      0.15026813E-03
          A(L=10)      0.10629757E-03
          A(L=11)      0.30959561E-03
          A(L=12)     -0.13316772E-03
          A(L=13)     -0.17126909E-04
          A(L=14)     -0.90567592E-05
          A(L=15)     -0.80008649E-05
          A(L=16)     -0.70862511E-05

      State-to-State Differential Cross Sections
      ------------------------------------------
        THETA(deg)   DCS(10**-16 cm**2/sr)
           0.00         0.1087E-04
           2.00         0.3422E-04
           4.00         0.1047E-03
           6.00         0.2233E-03
           8.00         0.3921E-03
          10.00         0.6135E-03
          12.00         0.8911E-03
          14.00         0.1228E-02
          16.00         0.1629E-02
          18.00         0.2096E-02
          20.00         0.2632E-02
          22.00         0.3236E-02
          24.00         0.3906E-02
          26.00         0.4638E-02
          28.00         0.5425E-02
          30.00         0.6258E-02
          32.00         0.7129E-02
          34.00         0.8029E-02
          36.00         0.8949E-02
          38.00         0.9885E-02
          40.00         0.1083E-01
          42.00         0.1179E-01
          44.00         0.1276E-01
          46.00         0.1375E-01
          48.00         0.1475E-01
          50.00         0.1577E-01
          52.00         0.1681E-01
          54.00         0.1787E-01
          56.00         0.1894E-01
          58.00         0.2002E-01
          60.00         0.2109E-01
          62.00         0.2215E-01
          64.00         0.2318E-01
          66.00         0.2417E-01
          68.00         0.2511E-01
          70.00         0.2599E-01
          72.00         0.2681E-01
          74.00         0.2756E-01
          76.00         0.2825E-01
          78.00         0.2887E-01
          80.00         0.2945E-01
          82.00         0.2998E-01
          84.00         0.3048E-01
          86.00         0.3095E-01
          88.00         0.3141E-01
          90.00         0.3186E-01
          92.00         0.3231E-01
          94.00         0.3276E-01
          96.00         0.3323E-01
          98.00         0.3372E-01
         100.00         0.3425E-01
         102.00         0.3482E-01
         104.00         0.3546E-01
         106.00         0.3618E-01
         108.00         0.3700E-01
         110.00         0.3795E-01
         112.00         0.3904E-01
         114.00         0.4031E-01
         116.00         0.4176E-01
         118.00         0.4342E-01
         120.00         0.4530E-01
         122.00         0.4740E-01
         124.00         0.4972E-01
         126.00         0.5227E-01
         128.00         0.5505E-01
         130.00         0.5804E-01
         132.00         0.6123E-01
         134.00         0.6462E-01
         136.00         0.6819E-01
         138.00         0.7193E-01
         140.00         0.7582E-01
         142.00         0.7983E-01
         144.00         0.8395E-01
         146.00         0.8814E-01
         148.00         0.9237E-01
         150.00         0.9659E-01
         152.00         0.1008E+00
         154.00         0.1049E+00
         156.00         0.1088E+00
         158.00         0.1126E+00
         160.00         0.1162E+00
         162.00         0.1195E+00
         164.00         0.1225E+00
         166.00         0.1252E+00
         168.00         0.1275E+00
         170.00         0.1295E+00
         172.00         0.1312E+00
         174.00         0.1324E+00
         176.00         0.1333E+00
         178.00         0.1339E+00
         180.00         0.1341E+00

  Momentum Transfer Cross Section (in units of 10**-16 cm**2)

     In Close-Coupling        = 0.667799E+00

  Total Cross Section (in units of 10**-16 cm**2)

     In Close-Coupling        = 0.483918E+00

  Partial Momentum Transfer Cross Section       =   0.66779876 10**-16 cm**2
  Partial Integrated Differential Cross Section =   0.48391846 10**-16 cm**2


  **************************************************************************
      Results for  0 -->  4  J-J' transition summed on all K and K'
  **************************************************************************

      Close-Coupling AL(L=0-Lbig) coefficients
      ----------------------------------------
          A(L= 0)      0.32211602E-01
          A(L= 1)      0.90103624E-02
          A(L= 2)      0.93532745E-02
          A(L= 3)      0.15623104E-02
          A(L= 4)      0.13279115E-03
          A(L= 5)     -0.45222045E-04
          A(L= 6)      0.13476983E-04
          A(L= 7)      0.49986238E-06
          A(L= 8)     -0.11787046E-04
          A(L= 9)      0.47067151E-05
          A(L=10)     -0.54476363E-05
          A(L=11)      0.17345658E-05
          A(L=12)      0.13296660E-05
          A(L=13)      0.12142294E-06
          A(L=14)      0.71945632E-08
          A(L=15)      0.19346459E-07
          A(L=16)      0.18935198E-07

      State-to-State Differential Cross Sections
      ------------------------------------------
        THETA(deg)   DCS(10**-16 cm**2/sr)
           0.00         0.5216E-01
           2.00         0.5213E-01
           4.00         0.5205E-01
           6.00         0.5190E-01
           8.00         0.5171E-01
          10.00         0.5145E-01
          12.00         0.5115E-01
          14.00         0.5079E-01
          16.00         0.5038E-01
          18.00         0.4992E-01
          20.00         0.4942E-01
          22.00         0.4887E-01
          24.00         0.4829E-01
          26.00         0.4766E-01
          28.00         0.4701E-01
          30.00         0.4632E-01
          32.00         0.4560E-01
          34.00         0.4487E-01
          36.00         0.4411E-01
          38.00         0.4333E-01
          40.00         0.4255E-01
          42.00         0.4175E-01
          44.00         0.4095E-01
          46.00         0.4015E-01
          48.00         0.3935E-01
          50.00         0.3856E-01
          52.00         0.3777E-01
          54.00         0.3700E-01
          56.00         0.3624E-01
          58.00         0.3550E-01
          60.00         0.3478E-01
          62.00         0.3408E-01
          64.00         0.3341E-01
          66.00         0.3277E-01
          68.00         0.3215E-01
          70.00         0.3156E-01
          72.00         0.3101E-01
          74.00         0.3048E-01
          76.00         0.2999E-01
          78.00         0.2954E-01
          80.00         0.2912E-01
          82.00         0.2873E-01
          84.00         0.2838E-01
          86.00         0.2807E-01
          88.00         0.2779E-01
          90.00         0.2754E-01
          92.00         0.2733E-01
          94.00         0.2715E-01
          96.00         0.2700E-01
          98.00         0.2688E-01
         100.00         0.2679E-01
         102.00         0.2673E-01
         104.00         0.2669E-01
         106.00         0.2668E-01
         108.00         0.2669E-01
         110.00         0.2672E-01
         112.00         0.2678E-01
         114.00         0.2685E-01
         116.00         0.2694E-01
         118.00         0.2704E-01
         120.00         0.2716E-01
         122.00         0.2729E-01
         124.00         0.2743E-01
         126.00         0.2758E-01
         128.00         0.2774E-01
         130.00         0.2790E-01
         132.00         0.2807E-01
         134.00         0.2825E-01
         136.00         0.2843E-01
         138.00         0.2861E-01
         140.00         0.2880E-01
         142.00         0.2898E-01
         144.00         0.2917E-01
         146.00         0.2935E-01
         148.00         0.2953E-01
         150.00         0.2970E-01
         152.00         0.2987E-01
         154.00         0.3003E-01
         156.00         0.3018E-01
         158.00         0.3033E-01
         160.00         0.3046E-01
         162.00         0.3058E-01
         164.00         0.3070E-01
         166.00         0.3079E-01
         168.00         0.3088E-01
         170.00         0.3095E-01
         172.00         0.3101E-01
         174.00         0.3106E-01
         176.00         0.3109E-01
         178.00         0.3111E-01
         180.00         0.3112E-01

  Momentum Transfer Cross Section (in units of 10**-16 cm**2)

     In Close-Coupling        = 0.366963E+00

  Total Cross Section (in units of 10**-16 cm**2)

     In Close-Coupling        = 0.404697E+00

  Partial Momentum Transfer Cross Section       =   0.36696261 10**-16 cm**2
  Partial Integrated Differential Cross Section =   0.40469715 10**-16 cm**2


  **************************************************************************
      Results for  0 -->  6  J-J' transition summed on all K and K'
  **************************************************************************

      Close-Coupling AL(L=0-Lbig) coefficients
      ----------------------------------------
          A(L= 0)      0.66786473E-04
          A(L= 1)     -0.11491507E-03
          A(L= 2)      0.60701437E-04
          A(L= 3)     -0.11255330E-04
          A(L= 4)      0.24264486E-05
          A(L= 5)      0.62787615E-06
          A(L= 6)     -0.71757211E-06
          A(L= 7)      0.33489064E-06
          A(L= 8)     -0.10650718E-06
          A(L= 9)      0.72679974E-07
          A(L=10)     -0.64646251E-07
          A(L=11)      0.75144957E-08
          A(L=12)      0.54174305E-08
          A(L=13)     -0.38636152E-08
          A(L=14)     -0.65864953E-07
          A(L=15)     -0.53083660E-07
          A(L=16)     -0.20694658E-07

      State-to-State Differential Cross Sections
      ------------------------------------------
        THETA(deg)   DCS(10**-16 cm**2/sr)
           0.00         0.3750E-05
           2.00         0.3745E-05
           4.00         0.3728E-05
           6.00         0.3695E-05
           8.00         0.3638E-05
          10.00         0.3551E-05
          12.00         0.3430E-05
          14.00         0.3272E-05
          16.00         0.3081E-05
          18.00         0.2864E-05
          20.00         0.2631E-05
          22.00         0.2393E-05
          24.00         0.2161E-05
          26.00         0.1946E-05
          28.00         0.1755E-05
          30.00         0.1593E-05
          32.00         0.1462E-05
          34.00         0.1365E-05
          36.00         0.1302E-05
          38.00         0.1278E-05
          40.00         0.1297E-05
          42.00         0.1369E-05
          44.00         0.1502E-05
          46.00         0.1707E-05
          48.00         0.1996E-05
          50.00         0.2376E-05
          52.00         0.2857E-05
          54.00         0.3442E-05
          56.00         0.4137E-05
          58.00         0.4944E-05
          60.00         0.5867E-05
          62.00         0.6909E-05
          64.00         0.8076E-05
          66.00         0.9376E-05
          68.00         0.1081E-04
          70.00         0.1240E-04
          72.00         0.1414E-04
          74.00         0.1605E-04
          76.00         0.1812E-04
          78.00         0.2036E-04
          80.00         0.2278E-04
          82.00         0.2536E-04
          84.00         0.2812E-04
          86.00         0.3106E-04
          88.00         0.3417E-04
          90.00         0.3746E-04
          92.00         0.4094E-04
          94.00         0.4462E-04
          96.00         0.4848E-04
          98.00         0.5255E-04
         100.00         0.5682E-04
         102.00         0.6129E-04
         104.00         0.6597E-04
         106.00         0.7086E-04
         108.00         0.7594E-04
         110.00         0.8123E-04
         112.00         0.8671E-04
         114.00         0.9237E-04
         116.00         0.9821E-04
         118.00         0.1042E-03
         120.00         0.1104E-03
         122.00         0.1167E-03
         124.00         0.1232E-03
         126.00         0.1297E-03
         128.00         0.1364E-03
         130.00         0.1431E-03
         132.00         0.1499E-03
         134.00         0.1567E-03
         136.00         0.1634E-03
         138.00         0.1702E-03
         140.00         0.1768E-03
         142.00         0.1834E-03
         144.00         0.1898E-03
         146.00         0.1961E-03
         148.00         0.2021E-03
         150.00         0.2080E-03
         152.00         0.2135E-03
         154.00         0.2188E-03
         156.00         0.2238E-03
         158.00         0.2284E-03
         160.00         0.2327E-03
         162.00         0.2366E-03
         164.00         0.2401E-03
         166.00         0.2432E-03
         168.00         0.2459E-03
         170.00         0.2482E-03
         172.00         0.2501E-03
         174.00         0.2516E-03
         176.00         0.2526E-03
         178.00         0.2532E-03
         180.00         0.2534E-03

  Momentum Transfer Cross Section (in units of 10**-16 cm**2)

     In Close-Coupling        = 0.132034E-02

  Total Cross Section (in units of 10**-16 cm**2)

     In Close-Coupling        = 0.839086E-03

  Partial Momentum Transfer Cross Section       =   0.00132034 10**-16 cm**2
  Partial Integrated Differential Cross Section =   0.00083909 10**-16 cm**2

  **************************************************************************
                    DATA SUMMED ON ALL TRANSITIONS
  **************************************************************************

      THETA(deg)        DCSC(10**-16 cm**2/sr)
         0.00             0.46464782E+01
         2.00             0.46016359E+01
         4.00             0.44707179E+01
         6.00             0.42640963E+01
         8.00             0.39975891E+01
        10.00             0.36905022E+01
        12.00             0.33633595E+01
        14.00             0.30356557E+01
        16.00             0.27239966E+01
        18.00             0.24408116E+01
        20.00             0.21937945E+01
        22.00             0.19860935E+01
        24.00             0.18170357E+01
        26.00             0.16832597E+01
        28.00             0.15799530E+01
        30.00             0.15020083E+01
        32.00             0.14448854E+01
        34.00             0.14051225E+01
        36.00             0.13804677E+01
        38.00             0.13697023E+01
        40.00             0.13722662E+01
        42.00             0.13878077E+01
        44.00             0.14157705E+01
        46.00             0.14550961E+01
        48.00             0.15040842E+01
        50.00             0.15604005E+01
        52.00             0.16212147E+01
        54.00             0.16834084E+01
        56.00             0.17438186E+01
        58.00             0.17994691E+01
        60.00             0.18477652E+01
        62.00             0.18866338E+01
        64.00             0.19146045E+01
        66.00             0.19308345E+01
        68.00             0.19350684E+01
        70.00             0.19275538E+01
        72.00             0.19089094E+01
        74.00             0.18799677E+01
        76.00             0.18416055E+01
        78.00             0.17945982E+01
        80.00             0.17395139E+01
        82.00             0.16766728E+01
        84.00             0.16061859E+01
        86.00             0.15280620E+01
        88.00             0.14423617E+01
        90.00             0.13493812E+01
        92.00             0.12498010E+01
        94.00             0.11447881E+01
        96.00             0.10360113E+01
        98.00             0.92557293E+00
       100.00             0.81586260E+00
       102.00             0.70937079E+00
       104.00             0.60848767E+00
       106.00             0.51534164E+00
       108.00             0.43169379E+00
       110.00             0.35890692E+00
       112.00             0.29798746E+00
       114.00             0.24967507E+00
       116.00             0.21455292E+00
       118.00             0.19315071E+00
       120.00             0.18600684E+00
       122.00             0.19368520E+00
       124.00             0.21673892E+00
       126.00             0.25563779E+00
       128.00             0.31067452E+00
       130.00             0.38187405E+00
       132.00             0.46892303E+00
       134.00             0.57113117E+00
       136.00             0.68743128E+00
       138.00             0.81640923E+00
       140.00             0.95636433E+00
       142.00             0.11053898E+01
       144.00             0.12614640E+01
       146.00             0.14225415E+01
       148.00             0.15866523E+01
       150.00             0.17519706E+01
       152.00             0.19168843E+01
       154.00             0.20800152E+01
       156.00             0.22402089E+01
       158.00             0.23964775E+01
       160.00             0.25479047E+01
       162.00             0.26935124E+01
       164.00             0.28321359E+01
       166.00             0.29623082E+01
       168.00             0.30822060E+01
       170.00             0.31896608E+01
       172.00             0.32822740E+01
       174.00             0.33575799E+01
       176.00             0.34132872E+01
       178.00             0.34475303E+01
       180.00             0.34590862E+01


  Quantity Summed Over States (Complete Rep.):

    Momentum Transfer Cross Section (CSM)      =    14.55569553 10**-16 cm**2
    Integrated Differential Cross Section (CS) =    16.80215836 10**-16 cm**2


  Rotational Efficiency =     0.00001985
